2020-09-01 23:37:32,955 - os.name - Linux
2020-09-01 23:37:32,955 - os.arch - amd64
2020-09-01 23:37:32,955 - os.version - 4.15.0-112-generic
2020-09-01 23:37:32,955 - java.version - 1.8.0_265
2020-09-01 23:37:32,955 - java.vendor - Private Build
2020-09-01 23:37:32,955 - java.vendor.url - http://java.oracle.com/
2020-09-01 23:37:32,955 - java.home - /usr/lib/jvm/java-8-openjdk-amd64/jre
2020-09-01 23:37:32,955 - java.vm.specification.name - Java Virtual Machine Specification
2020-09-01 23:37:32,955 - java.vm.specification.vendor - Oracle Corporation
2020-09-01 23:37:32,955 - java.vm.specification.version - 1.8
2020-09-01 23:37:32,955 - java.class.path - /home/roberson.machado/ws/ferramentas/eclipse//plugins/org.eclipse.equinox.launcher_1.5.600.v20191014-2022.jar
2020-09-01 23:37:32,955 - java.library.path - /usr/java/packages/lib/amd64:/usr/lib/x86_64-linux-gnu/jni:/lib/x86_64-linux-gnu:/usr/lib/x86_64-linux-gnu:/usr/lib/jni:/lib:/usr/lib
2020-09-01 23:37:32,955 - --------------------------------------
2020-09-01 23:37:32,955 - ## Eclipse Plug-ins Log Information ##
2020-09-01 23:37:32,955 - --------------------------------------
2020-09-01 23:37:32,966 - javax.el - 2.2.0.v201303151357
2020-09-01 23:37:32,980 - javax.servlet - 3.1.0.v201410161800
2020-09-01 23:37:32,987 - javax.servlet.jsp - 2.2.0.v201112011158
2020-09-01 23:37:32,987 - com.sun.el - 2.2.0.v201303151357
2020-09-01 23:37:32,988 - org.apache.commons.logging - 1.2.0.v20180409-1502
2020-09-01 23:37:32,988 - org.apache.jasper.glassfish - 2.2.2.v201501141630
2020-09-01 23:37:32,990 - org.apache.lucene.analyzers-common - 8.0.0.v20190404-1858
2020-09-01 23:37:33,000 - org.apache.lucene.core - 8.0.0.v20190404-1858
2020-09-01 23:37:33,000 - org.apache.lucene.analyzers-smartcn - 8.0.0.v20190404-1858
2020-09-01 23:37:33,001 - org.eclipse.equinox.http.jetty - 3.7.300.v20191015-2006
2020-09-01 23:37:33,001 - org.eclipse.equinox.http.registry - 1.1.700.v20190214-1948
2020-09-01 23:37:33,001 - org.eclipse.equinox.http.servlet - 1.6.300.v20191011-1612
2020-09-01 23:37:33,002 - org.eclipse.equinox.jsp.jasper - 1.1.300.v20190714-1850
2020-09-01 23:37:33,002 - org.eclipse.equinox.jsp.jasper.registry - 1.1.300.v20190714-1850
2020-09-01 23:37:33,002 - org.eclipse.help.base - 4.2.800.v20191210-0610
2020-09-01 23:37:33,003 - org.eclipse.help.ui - 4.1.700.v20191123-0656
2020-09-01 23:37:33,007 - org.eclipse.help.webapp - 3.9.700.v20191123-0656
2020-09-01 23:37:33,007 - org.eclipse.jetty.continuation - 9.4.24.v20191120
2020-09-01 23:37:33,008 - org.eclipse.jetty.http - 9.4.24.v20191120
2020-09-01 23:37:33,008 - org.eclipse.jetty.io - 9.4.24.v20191120
2020-09-01 23:37:33,009 - org.eclipse.jetty.security - 9.4.24.v20191120
2020-09-01 23:37:33,010 - org.eclipse.jetty.server - 9.4.24.v20191120
2020-09-01 23:37:33,011 - org.eclipse.jetty.servlet - 9.4.24.v20191120
2020-09-01 23:37:33,012 - org.eclipse.jetty.util - 9.4.24.v20191120
2020-09-01 23:37:33,013 - org.eclipse.core.net - 1.3.700.v20191122-2107
2020-09-01 23:37:33,013 - org.eclipse.equinox.security - 1.3.400.v20191008-0645
2020-09-01 23:37:33,014 - org.tigris.subversion.subclipse.core - 1.10.12
2020-09-01 23:37:33,015 - org.tigris.subversion.subclipse.ui - 1.10.13
2020-09-01 23:37:33,015 - org.tigris.subversion.subclipse.doc - 1.3.0
2020-09-01 23:37:33,016 - org.tigris.subversion.subclipse.tools.usage - 1.1.0
2020-09-01 23:37:33,017 - org.eclipse.mylyn.bugzilla.core - 3.24.2.v20180905-0003
2020-09-01 23:37:33,017 - org.eclipse.mylyn.bugzilla.ui - 3.24.2.v20180905-0003
2020-09-01 23:37:33,019 - org.eclipse.andmore.hierarchyviewer - 0.5.1.201701251432
2020-09-01 23:37:33,020 - org.eclipse.sequoyah.device.backward - 2.1.0.N20120718-0509
2020-09-01 23:37:33,020 - org.eclipse.sequoyah.device.framework - 2.1.0.N20120718-0509
2020-09-01 23:37:33,021 - org.eclipse.sequoyah.device.framework.ui - 2.1.0.N20120718-0509
2020-09-01 23:37:33,021 - org.eclipse.sequoyah.device.service.start - 2.1.0.N20120718-0509
2020-09-01 23:37:33,021 - org.eclipse.sequoyah.device.service.stop - 2.1.0.N20120718-0509
2020-09-01 23:37:33,022 - org.eclipse.sequoyah.device.framework.wizard - 2.1.0.N20120718-0509
2020-09-01 23:37:33,023 - org.eclipse.cdt.managedbuilder.gnu.ui - 8.3.200.202001021055
2020-09-01 23:37:33,023 - org.eclipse.cdt.build.gcc.core - 1.0.200.201910171407
2020-09-01 23:37:33,023 - org.eclipse.cdt.build.gcc.ui - 1.0.200.202001092011
2020-09-01 23:37:33,025 - org.eclipse.egit.core - 5.6.0.201912101111-r
2020-09-01 23:37:33,026 - org.eclipse.egit.ui - 5.6.0.201912101111-r
2020-09-01 23:37:33,026 - org.eclipse.egit - 5.6.0.201912101111-r
2020-09-01 23:37:33,027 - org.eclipse.egit.doc - 5.6.0.201912101111-r
2020-09-01 23:37:33,028 - org.eclipse.mylyn.tasks.core - 3.24.2.v20180905-0003
2020-09-01 23:37:33,028 - org.eclipse.mylyn.tasks.index.core - 3.24.2.v20180905-0003
2020-09-01 23:37:33,028 - org.eclipse.mylyn.tasks.index.ui - 3.24.2.v20180905-0003
2020-09-01 23:37:33,029 - org.eclipse.mylyn.tasks.search - 3.24.2.v20180905-0003
2020-09-01 23:37:33,029 - org.eclipse.mylyn.tasks.ui - 3.24.2.v20180905-0003
2020-09-01 23:37:33,030 - org.eclipse.gef - 3.11.0.201606061308
2020-09-01 23:37:33,031 - org.eclipse.cdt - 9.11.1.202004012021
2020-09-01 23:37:33,032 - org.eclipse.cdt.core - 6.11.1.202006011430
2020-09-01 23:37:33,032 - org.eclipse.cdt.codan.core - 4.0.200.201910281707
2020-09-01 23:37:33,032 - org.eclipse.cdt.codan.ui - 3.3.400.201910171407
2020-09-01 23:37:33,033 - org.eclipse.cdt.codan.core.cxx - 3.4.200.201908101428
2020-09-01 23:37:33,033 - org.eclipse.cdt.codan.ui.cxx - 3.5.100.201908121111
2020-09-01 23:37:33,034 - org.eclipse.cdt.codan.checkers - 3.3.400.202003091030
2020-09-01 23:37:33,034 - org.eclipse.cdt.codan.checkers.ui - 3.2.100.201905301541
2020-09-01 23:37:33,035 - org.eclipse.cdt.debug.core - 8.4.100.202003021747
2020-09-01 23:37:33,036 - org.eclipse.cdt.debug.ui - 8.3.400.202003021159
2020-09-01 23:37:33,037 - org.eclipse.cdt.make.core - 7.4.200.202003021747
2020-09-01 23:37:33,037 - org.eclipse.cdt.make.ui - 7.3.300.202003021149
2020-09-01 23:37:33,038 - org.eclipse.cdt.managedbuilder.core - 8.8.1.202004251814
2020-09-01 23:37:33,038 - org.eclipse.cdt.managedbuilder.ui - 9.1.500.202003021149
2020-09-01 23:37:33,040 - org.eclipse.cdt.ui - 6.7.1.202005220422
2020-09-01 23:37:33,040 - org.eclipse.cdt.doc.user - 5.4.401.202004012023
2020-09-01 23:37:33,041 - org.eclipse.cdt.dsf - 2.8.200.201910171407
2020-09-01 23:37:33,041 - org.eclipse.cdt.dsf.ui - 2.5.400.202003021149
2020-09-01 23:37:33,042 - org.eclipse.cdt.native.serial - 1.1.401.202005051837
2020-09-01 23:37:33,042 - org.eclipse.cdt.platform.branding - 9.11.1.202004012021
2020-09-01 23:37:33,043 - org.eclipse.mylyn.commons.identity.core - 1.17.1.v20200511-1958
2020-09-01 23:37:33,044 - javax.persistence - 2.2.1.v201807122140
2020-09-01 23:37:33,045 - org.eclipse.jpt.jpa.annotate - 1.0.101.v201902121834
2020-09-01 23:37:33,046 - org.eclipse.jpt.jpa.core - 3.5.1.v201902121834
2020-09-01 23:37:33,046 - org.eclipse.jpt.jpa.db - 2.2.201.v201902121834
2020-09-01 23:37:33,046 - org.eclipse.jpt.jpa.db.ui - 2.1.201.v201902121834
2020-09-01 23:37:33,047 - org.eclipse.jpt.jpa.gen - 2.3.201.v201902121834
2020-09-01 23:37:33,048 - org.eclipse.jpt.jpa.ui - 3.4.201.v201902121834
2020-09-01 23:37:33,048 - org.eclipse.jpt.doc.user - 3.2.101.v201902121834
2020-09-01 23:37:33,048 - org.eclipse.persistence.jpa.jpql - 2.7.3.v20180807-4be1041
2020-09-01 23:37:33,049 - org.apache.commons.collections - 3.2.2.v201511171945
2020-09-01 23:37:33,049 - org.apache.commons.lang - 2.6.0.v201404270220
2020-09-01 23:37:33,049 - org.apache.velocity - 1.5.0.v200905192330
2020-09-01 23:37:33,050 - org.jdom - 1.1.1.v201101151400
2020-09-01 23:37:33,050 - org.eclipse.jpt.jpa.branding - 3.4.1.v201902121834
2020-09-01 23:37:33,051 - org.eclipse.oomph.p2 - 1.11.0.v20190920-0437
2020-09-01 23:37:33,052 - org.eclipse.oomph.p2.core - 1.14.0.v20191209-1132
2020-09-01 23:37:33,052 - org.eclipse.oomph.p2.edit - 1.11.0.v20190323-1130
2020-09-01 23:37:33,053 - org.eclipse.oomph.p2.ui - 1.12.0.v20191206-0547
2020-09-01 23:37:33,053 - org.eclipse.oomph.p2.doc - 1.10.0.v20180706-1242
2020-09-01 23:37:33,056 - com.collabnet.subversion.merge - 4.1.0
2020-09-01 23:37:33,057 - org.eclipse.tm.terminal.view.core - 4.5.100.201901312304
2020-09-01 23:37:33,057 - org.eclipse.tm.terminal.view.ui - 4.5.200.201911231043
2020-09-01 23:37:33,058 - org.eclipse.emf.codegen.ui - 2.22.0.v20200424-0451
2020-09-01 23:37:33,059 - org.eclipse.datatools.enablement.sqlite - 1.2.101.201811012051
2020-09-01 23:37:33,059 - org.eclipse.datatools.enablement.sqlite.dbdefinition - 1.2.101.201811012051
2020-09-01 23:37:33,060 - org.eclipse.datatools.enablement.sqlite.ui - 1.2.101.201811012051
2020-09-01 23:37:33,060 - org.eclipse.datatools.enablement.finfo - 1.7.101.201811012051
2020-09-01 23:37:33,061 - org.eclipse.mylyn.commons.notifications.core - 1.17.1.v20200511-1958
2020-09-01 23:37:33,061 - org.eclipse.mylyn.commons.notifications.feed - 1.17.1.v20200511-1958
2020-09-01 23:37:33,061 - org.eclipse.mylyn.commons.notifications.ui - 1.17.1.v20200511-1958
2020-09-01 23:37:33,062 - org.eclipse.emf.converter - 2.10.0.v20180706-1146
2020-09-01 23:37:33,063 - org.eclipse.emf.importer - 2.12.0.v20190321-1539
2020-09-01 23:37:33,063 - org.eclipse.emf.exporter - 2.10.0.v20190321-1530
2020-09-01 23:37:33,063 - org.eclipse.emf.importer.ecore - 2.10.0.v20200324-0723
2020-09-01 23:37:33,064 - org.eclipse.emf.importer.java - 2.11.0.v20200324-0723
2020-09-01 23:37:33,064 - org.eclipse.emf.importer.rose - 2.10.0.v20200324-0723
2020-09-01 23:37:33,065 - org.eclipse.datatools.enablement.postgresql.dbdefinition - 1.2.101.201811012051
2020-09-01 23:37:33,066 - org.eclipse.datatools.enablement.postgresql - 1.3.101.201811012051
2020-09-01 23:37:33,066 - org.eclipse.datatools.enablement.postgresql.ui - 1.2.101.201811012051
2020-09-01 23:37:33,066 - org.eclipse.datatools.enablement.finfo - 1.7.101.201811012051
2020-09-01 23:37:33,067 - org.eclipse.datatools.enablement.oda.ws.ui - 1.4.101.201811012051
2020-09-01 23:37:33,067 - org.eclipse.datatools.enablement.oda.xml.ui - 1.4.101.201811012051
2020-09-01 23:37:33,068 - org.eclipse.datatools.connectivity.oda.flatfile.ui - 3.3.101.201811012051
2020-09-01 23:37:33,068 - org.eclipse.datatools.connectivity.oda.design.ui - 3.4.101.201811012051
2020-09-01 23:37:33,069 - org.eclipse.datatools.connectivity.ui.dse - 1.3.101.201811012051
2020-09-01 23:37:33,069 - org.eclipse.datatools.connectivity.ui - 1.4.101.201811012051
2020-09-01 23:37:33,070 - org.eclipse.datatools.connectivity.sqm.core - 1.4.101.201811012051
2020-09-01 23:37:33,070 - org.eclipse.datatools.help - 1.7.101.201811012051
2020-09-01 23:37:33,071 - org.eclipse.m2e.wtp.jsf - 1.4.3.20191209-1849
2020-09-01 23:37:33,072 - org.eclipse.datatools.connectivity.db.generic - 1.2.101.201811012051
2020-09-01 23:37:33,072 - org.eclipse.datatools.connectivity.db.generic.ui - 1.2.101.201811012051
2020-09-01 23:37:33,073 - org.eclipse.datatools.connectivity.dbdefinition.genericJDBC - 1.2.101.201811012051
2020-09-01 23:37:33,073 - org.eclipse.emf.mapping - 2.12.0.v20181104-0733
2020-09-01 23:37:33,074 - org.eclipse.wst.common.project.facet.core - 1.4.400.v201903222010
2020-09-01 23:37:33,074 - org.eclipse.wst.common.project.facet.ui - 1.4.601.v201903222010
2020-09-01 23:37:33,075 - org.eclipse.emf.ecore - 2.22.0.v20200519-1135
2020-09-01 23:37:33,075 - org.eclipse.emf.ecore.change - 2.14.0.v20190528-0725
2020-09-01 23:37:33,075 - org.eclipse.emf.ecore.xmi - 2.16.0.v20190528-0725
2020-09-01 23:37:33,076 - org.eclipse.datatools.intro - 1.14.102.201911250848
2020-09-01 23:37:33,077 - org.eclipse.jst.common.project.facet.core - 1.8.0.v201906031755
2020-09-01 23:37:33,077 - org.eclipse.jst.common.project.facet.ui - 1.4.510.v201903222010
2020-09-01 23:37:33,078 - org.eclipse.jgit - 5.6.0.201912101111-r
2020-09-01 23:37:33,078 - org.eclipse.jgit.archive - 5.6.0.201912101111-r
2020-09-01 23:37:33,079 - com.jcraft.jsch - 0.1.55.v20190404-1902
2020-09-01 23:37:33,079 - javaewah - 1.1.6.v20160919-1400
2020-09-01 23:37:33,080 - org.apache.commons.compress - 1.18.0.v20181121-2221
2020-09-01 23:37:33,081 - org.slf4j.api - 1.7.30.v20200204-2150
2020-09-01 23:37:33,081 - org.slf4j.impl.log4j12 - 1.7.2.v20131105-2200
2020-09-01 23:37:33,082 - org.apache.log4j - 1.2.15.v201012070815
2020-09-01 23:37:33,082 - com.jcraft.jzlib - 1.1.1.v201205102305
2020-09-01 23:37:33,083 - org.bouncycastle.bcpg - 1.64.0.v20191109-0815
2020-09-01 23:37:33,085 - org.bouncycastle.bcpkix - 1.64.0.v20191109-0815
2020-09-01 23:37:33,093 - org.bouncycastle.bcprov - 1.64.0.v20191109-0815
2020-09-01 23:37:33,094 - org.eclipse.mylyn.wikitext.tasks.ui - 3.0.35.201912061959
2020-09-01 23:37:33,094 - org.eclipse.mylyn.wikitext.context.ui - 3.0.35.201912061959
2020-09-01 23:37:33,095 - org.eclipse.jpt.jaxb.core - 1.4.101.v201902121834
2020-09-01 23:37:33,096 - org.eclipse.jpt.jaxb.core.schemagen - 1.1.201.v201902121834
2020-09-01 23:37:33,096 - org.eclipse.jpt.jaxb.ui - 1.5.101.v201902121834
2020-09-01 23:37:33,096 - org.eclipse.jpt.jaxb.branding - 1.4.1.v201902121834
2020-09-01 23:37:33,097 - org.eclipse.emf.mapping.ecore.editor - 2.8.0.v20180706-1146
2020-09-01 23:37:33,097 - org.eclipse.emf.mapping.ecore2ecore.editor - 2.10.0.v20181104-0733
2020-09-01 23:37:33,098 - org.eclipse.emf.mapping.ecore2xml.ui - 2.12.0.v20190528-0725
2020-09-01 23:37:33,098 - org.eclipse.datatools.enablement.finfo - 1.7.101.201811012051
2020-09-01 23:37:33,099 - org.eclipse.datatools.sqltools.db.derby.ui - 1.2.101.201811012051
2020-09-01 23:37:33,099 - org.eclipse.datatools.sqltools.db.generic.ui - 1.2.101.201811012051
2020-09-01 23:37:33,100 - org.eclipse.datatools.enablement.jdt.classpath - 1.2.101.201807030125
2020-09-01 23:37:33,101 - org.eclipse.mylyn.discovery.core - 3.25.1.v20200511-1958
2020-09-01 23:37:33,101 - org.eclipse.mylyn.discovery.ui - 3.25.1.v20200511-1958
2020-09-01 23:37:33,102 - org.eclipse.datatools.enablement.mysql.dbdefinition - 1.2.101.201811012051
2020-09-01 23:37:33,102 - org.eclipse.datatools.enablement.mysql - 1.2.101.201811012051
2020-09-01 23:37:33,102 - org.eclipse.datatools.enablement.mysql.ui - 1.2.101.201811012051
2020-09-01 23:37:33,102 - org.eclipse.datatools.enablement.finfo - 1.7.101.201811012051
2020-09-01 23:37:33,103 - org.eclipse.datatools.enablement.msft.sqlserver.dbdefinition - 1.2.101.201811012051
2020-09-01 23:37:33,104 - org.eclipse.datatools.enablement.msft.sqlserver - 1.2.101.201811012051
2020-09-01 23:37:33,104 - org.eclipse.datatools.enablement.msft.sqlserver.ui - 1.2.101.201811012051
2020-09-01 23:37:33,104 - org.eclipse.datatools.enablement.finfo - 1.7.101.201811012051
2020-09-01 23:37:33,107 - org.eclipse.wst.jsdt.chromium.debug.core - 0.5.300.v201903222101
2020-09-01 23:37:33,107 - org.eclipse.wst.jsdt.chromium.debug.ui - 0.6.200.v201903222101
2020-09-01 23:37:33,108 - org.eclipse.wst.jsdt.chromium.debug.js - 0.1.200.v201903222101
2020-09-01 23:37:33,108 - org.eclipse.wst.jsdt.chromium.debug - 0.4.0.v201903222101
2020-09-01 23:37:33,108 - org.eclipse.wst.jsdt.chromium - 0.5.200.v201903222101
2020-09-01 23:37:33,108 - org.eclipse.wst.jsdt.chromium.debug.jsdtbridge - 0.5.200.v201903222101
2020-09-01 23:37:33,108 - org.eclipse.wst.jsdt.chromium.wip.eclipse - 0.5.200.v201903222101
2020-09-01 23:37:33,109 - org.eclipse.wst.jsdt.chromium.wipbackend.dev - 0.5.300.v201903222101
2020-09-01 23:37:33,109 - org.eclipse.wst.jsdt.chromium.wipbackend.protocol_1_0 - 0.5.300.v201903222101
2020-09-01 23:37:33,110 - org.eclipse.m2e.wtp.jpa - 1.4.3.20191209-1849
2020-09-01 23:37:33,110 - org.eclipse.sequoyah.localization.android - 2.1.0.N20120718-0509
2020-09-01 23:37:33,111 - org.eclipse.sequoyah.localization.android.help - 2.1.1.N20120718-0509
2020-09-01 23:37:33,112 - org.eclipse.jst.ws.jaxws.core - 1.0.501.v201902162203
2020-09-01 23:37:33,112 - org.eclipse.jst.ws.jaxws.ui - 1.0.500.v201902162239
2020-09-01 23:37:33,112 - javax.xml.ws - 2.1.0.v200902101523
2020-09-01 23:37:33,112 - javax.jws - 2.0.0.v201005080400
2020-09-01 23:37:33,113 - org.eclipse.jst.ws.annotations.core - 1.2.200.v201902162033
2020-09-01 23:37:33,113 - javax.xml.bind - 2.2.0.v201105210648
2020-09-01 23:37:33,113 - javax.xml.stream - 1.0.1.v201004272200
2020-09-01 23:37:33,113 - org.eclipse.jst.ws.jaxb.core - 1.0.200.v201902162203
2020-09-01 23:37:33,114 - javax.wsdl - 1.6.2.v201012040545
2020-09-01 23:37:33,114 - org.jdom - 1.1.1.v201101151400
2020-09-01 23:37:33,115 - org.eclipse.datatools.connectivity.doc.user.contexts - 1.7.101.201811012051
2020-09-01 23:37:33,115 - org.eclipse.datatools.connectivity.doc.user - 1.14.102.201911250848
2020-09-01 23:37:33,115 - org.eclipse.userstorage - 1.2.0.v20190307-0457
2020-09-01 23:37:33,116 - org.eclipse.userstorage.ui - 1.1.0.v20190307-0457
2020-09-01 23:37:33,116 - org.eclipse.userstorage.oauth - 1.1.0.v20190307-0457
2020-09-01 23:37:33,117 - org.eclipse.mylyn.tasks.bugs - 3.24.2.v20180905-0003
2020-09-01 23:37:33,117 - org.eclipse.mylyn.help.ui - 3.24.2.v20180905-0003
2020-09-01 23:37:33,118 - org.tigris.subversion.clientadapter.svnkit - 1.8.9
2020-09-01 23:37:33,119 - org.eclipse.emf.edit - 2.16.0.v20190920-0401
2020-09-01 23:37:33,119 - org.eclipse.mylyn.commons.core - 3.25.1.v20200511-1958
2020-09-01 23:37:33,120 - org.eclipse.mylyn.commons.screenshots - 3.25.1.v20200511-1958
2020-09-01 23:37:33,120 - org.eclipse.mylyn.commons.ui - 3.25.1.v20200511-1958
2020-09-01 23:37:33,120 - org.eclipse.mylyn.commons.workbench - 3.25.1.v20200511-1958
2020-09-01 23:37:33,121 - org.eclipse.mylyn.bugzilla.ide - 3.24.2.v20180905-0014
2020-09-01 23:37:33,121 - org.eclipse.mylyn.ide.ui - 3.24.2.v20180905-0014
2020-09-01 23:37:33,122 - org.eclipse.wst.json.ui - 1.0.300.v201904210526
2020-09-01 23:37:33,123 - org.eclipse.wst.json.bower.ui - 1.0.200.v201904210526
2020-09-01 23:37:33,123 - org.eclipse.wst.json.eslint.ui - 1.0.200.v201904210526
2020-09-01 23:37:33,123 - org.eclipse.wst.json.jshint.ui - 1.0.200.v201904210526
2020-09-01 23:37:33,123 - org.eclipse.wst.json.npm.ui - 1.0.100.v201904210526
2020-09-01 23:37:33,124 - org.eclipse.emf.databinding.edit - 1.6.0.v20190323-1031
2020-09-01 23:37:33,124 - org.eclipse.emf.codegen.ecore - 2.22.0.v20200324-0947
2020-09-01 23:37:33,125 - org.eclipse.emf.ant - 2.11.0.v20200324-0723
2020-09-01 23:37:33,127 - org.eclipse.m2e.archetype.common - 1.14.0.20191209-1923
2020-09-01 23:37:33,128 - org.eclipse.m2e.maven.indexer - 1.14.0.20191209-1923
2020-09-01 23:37:33,128 - org.eclipse.m2e.model.edit - 1.14.0.20191209-1925
2020-09-01 23:37:33,128 - org.eclipse.m2e.core - 1.14.0.20191209-1925
2020-09-01 23:37:33,129 - org.eclipse.m2e.launching - 1.14.0.20191209-1925
2020-09-01 23:37:33,129 - org.eclipse.m2e.workspace.cli - 0.3.1
2020-09-01 23:37:33,129 - org.eclipse.m2e.jdt - 1.14.0.20191209-1925
2020-09-01 23:37:33,129 - org.eclipse.m2e.editor - 1.14.0.20191209-1925
2020-09-01 23:37:33,130 - org.eclipse.m2e.editor.xml - 1.14.0.20191209-1925
2020-09-01 23:37:33,134 - org.eclipse.m2e.maven.runtime - 1.14.0.20191209-1923
2020-09-01 23:37:33,134 - org.eclipse.m2e.maven.runtime.slf4j.simple - 1.14.0.20191209-1923
2020-09-01 23:37:33,135 - org.eclipse.m2e.refactoring - 1.14.0.20191209-1925
2020-09-01 23:37:33,135 - org.eclipse.m2e.lifecyclemapping.defaults - 1.14.0.20191209-1925
2020-09-01 23:37:33,135 - org.eclipse.m2e.discovery - 1.14.0.20191209-1925
2020-09-01 23:37:33,135 - org.eclipse.m2e.core.ui - 1.14.0.20191209-1925
2020-09-01 23:37:33,136 - org.eclipse.m2e.scm - 1.14.0.20191209-1925
2020-09-01 23:37:33,136 - org.eclipse.m2e.jdt.ui - 1.14.0.20191209-1925
2020-09-01 23:37:33,136 - org.eclipse.m2e.profiles.core - 1.14.0.20191209-1925
2020-09-01 23:37:33,136 - org.eclipse.m2e.profiles.ui - 1.14.0.20191209-1925
2020-09-01 23:37:33,136 - org.eclipse.m2e.importer - 1.14.0.20191209-1925
2020-09-01 23:37:33,137 - org.eclipse.m2e.sourcelookup - 1.14.0.20191209-1925
2020-09-01 23:37:33,137 - org.eclipse.m2e.sourcelookup.ui - 1.14.0.20191209-1925
2020-09-01 23:37:33,137 - org.eclipse.m2e.binaryproject - 1.14.0.20191209-1925
2020-09-01 23:37:33,137 - org.eclipse.m2e.binaryproject.ui - 1.14.0.20191209-1925
2020-09-01 23:37:33,139 - org.eclipse.andmore.ndk - 0.5.1.201701251432
2020-09-01 23:37:33,140 - net.java.dev.jna - 4.1.0.v06022015_1911
2020-09-01 23:37:33,141 - org.eclipse.datatools.connectivity.oda.consumer - 3.4.101.201811012051
2020-09-01 23:37:33,141 - org.eclipse.datatools.connectivity.oda.design - 3.5.101.201811012051
2020-09-01 23:37:33,141 - org.eclipse.datatools.connectivity.oda.profile - 3.4.101.201811012051
2020-09-01 23:37:33,141 - org.eclipse.datatools.connectivity.oda - 3.6.101.201811012051
2020-09-01 23:37:33,141 - org.eclipse.datatools.connectivity - 1.14.102.201911250848
2020-09-01 23:37:33,146 - org.eclipse.cft.server.core - 1.2.3.v201805291812
2020-09-01 23:37:33,146 - org.eclipse.cft.server.branding.core - 1.0.2.v201805291812
2020-09-01 23:37:33,147 - org.eclipse.cft.server.standalone.core - 1.0.4.v201805291812
2020-09-01 23:37:33,148 - org.eclipse.andmore.android.certmanager - 0.5.1.201701251432
2020-09-01 23:37:33,148 - org.eclipse.sequoyah.localization.tools - 2.1.0.N20120718-0509
2020-09-01 23:37:33,149 - org.eclipse.sequoyah.localization.editor - 2.1.0.N20120718-0509
2020-09-01 23:37:33,150 - org.eclipse.mylyn.team.ui - 3.24.2.v20180905-0014
2020-09-01 23:37:33,150 - org.eclipse.emf.common.ui - 2.18.0.v20190507-0402
2020-09-01 23:37:33,151 - org.tigris.subversion.subclipse.mylyn - 3.0.0
2020-09-01 23:37:33,152 - org.eclipse.cdt.dsf.gdb - 5.8.100.202003021149
2020-09-01 23:37:33,152 - org.eclipse.cdt.dsf.gdb.ui - 2.6.500.202003021149
2020-09-01 23:37:33,153 - org.eclipse.sequoyah.device.common.utilities - 2.1.0.N20120718-0509
2020-09-01 23:37:33,153 - org.eclipse.emf.mapping.ui - 2.10.0.v20181104-0733
2020-09-01 23:37:33,154 - org.eclipse.datatools.connectivity.oda.template.ui - 3.4.101.201811012051
2020-09-01 23:37:33,155 - org.eclipse.datatools.enablement.ibm - 1.2.101.201811012051
2020-09-01 23:37:33,155 - org.eclipse.datatools.enablement.ibm.db2 - 1.2.101.201811012051
2020-09-01 23:37:33,155 - org.eclipse.datatools.enablement.ibm.db2.iseries.dbdefinition - 1.2.101.201811012051
2020-09-01 23:37:33,155 - org.eclipse.datatools.enablement.ibm.db2.iseries - 1.2.101.201811012051
2020-09-01 23:37:33,155 - org.eclipse.datatools.enablement.ibm.db2.iseries.ui - 1.2.101.201811012051
2020-09-01 23:37:33,156 - org.eclipse.datatools.enablement.ibm.db2.luw.dbdefinition - 1.2.101.201811012051
2020-09-01 23:37:33,156 - org.eclipse.datatools.enablement.ibm.db2.luw - 1.2.101.201811012051
2020-09-01 23:37:33,156 - org.eclipse.datatools.enablement.ibm.db2.luw.ui - 1.2.101.201811012051
2020-09-01 23:37:33,156 - org.eclipse.datatools.enablement.ibm.db2.zseries.dbdefinition - 1.2.101.201811012051
2020-09-01 23:37:33,156 - org.eclipse.datatools.enablement.ibm.db2.zseries - 1.2.101.201811012051
2020-09-01 23:37:33,157 - org.eclipse.datatools.enablement.ibm.db2.zseries.ui - 1.2.101.201811012051
2020-09-01 23:37:33,157 - org.eclipse.datatools.enablement.ibm.informix.dbdefinition - 1.2.101.201811012051
2020-09-01 23:37:33,157 - org.eclipse.datatools.enablement.ibm.informix - 1.2.101.201811012051
2020-09-01 23:37:33,157 - org.eclipse.datatools.enablement.ibm.informix.ui - 1.2.101.201811012051
2020-09-01 23:37:33,157 - org.eclipse.datatools.enablement.ibm.ui - 1.2.101.201811012051
2020-09-01 23:37:33,158 - org.eclipse.jpt.common.eclipselink.core - 1.3.201.v201902121834
2020-09-01 23:37:33,158 - org.eclipse.jpt.common.eclipselink.branding - 1.3.101.v201902121834
2020-09-01 23:37:33,159 - org.tigris.subversion.subclipse.graph - 1.1.1
2020-09-01 23:37:33,160 - org.eclipse.datatools.connectivity.sqm.core.ui - 1.4.101.201811012051
2020-09-01 23:37:33,160 - org.eclipse.datatools.connectivity.sqm.core - 1.4.101.201811012051
2020-09-01 23:37:33,161 - org.eclipse.datatools.connectivity.sqm.server.ui - 1.3.101.201811012051
2020-09-01 23:37:33,161 - org.eclipse.datatools.connectivity.ui.dse - 1.3.101.201811012051
2020-09-01 23:37:33,161 - org.eclipse.datatools.connectivity.ui - 1.4.101.201811012051
2020-09-01 23:37:33,161 - org.eclipse.datatools.connectivity - 1.14.102.201911250848
2020-09-01 23:37:33,161 - org.eclipse.datatools.help - 1.7.101.201811012051
2020-09-01 23:37:33,162 - org.eclipse.datatools.connectivity.console.profile - 1.2.101.201811012051
2020-09-01 23:37:33,164 - org.eclipse.wst.jsdt.core - 2.0.302.v201903222047
2020-09-01 23:37:33,164 - org.eclipse.wst.jsdt.manipulation - 1.0.601.v201903222047
2020-09-01 23:37:33,164 - org.eclipse.wst.jsdt.ui - 2.0.401.v201912012351
2020-09-01 23:37:33,165 - org.eclipse.wst.jsdt.support.firefox - 1.0.501.v201903222047
2020-09-01 23:37:33,165 - org.eclipse.wst.jsdt.support.ie - 1.0.601.v201903222047
2020-09-01 23:37:33,165 - org.eclipse.wst.jsdt.doc - 2.0.200.v201903222101
2020-09-01 23:37:33,166 - org.eclipse.wst.jsdt.debug.core - 3.2.200.v201903222047
2020-09-01 23:37:33,167 - org.eclipse.wst.jsdt.debug.transport - 1.0.300.v201903222047
2020-09-01 23:37:33,167 - org.eclipse.wst.jsdt.debug.crossfire - 1.0.500.v201903222047
2020-09-01 23:37:33,168 - org.eclipse.wst.jsdt.debug.rhino - 1.0.500.v201903222047
2020-09-01 23:37:33,168 - org.eclipse.wst.jsdt.debug.rhino.debugger - 1.0.600.v201903222047
2020-09-01 23:37:33,168 - org.eclipse.wst.jsdt.debug.ui - 1.0.600.v201903222047
2020-09-01 23:37:33,169 - org.mozilla.javascript - 1.7.5.v201504281450
2020-09-01 23:37:33,169 - com.google.javascript - 0.0.20160315.v20161124-1903
2020-09-01 23:37:33,170 - org.tigris.subversion.clientadapter - 1.10.3
2020-09-01 23:37:33,171 - org.eclipse.buildship.core - 3.1.3.v20191118-1057
2020-09-01 23:37:33,171 - org.eclipse.buildship.ui - 3.1.3.v20191118-1057
2020-09-01 23:37:33,171 - org.eclipse.buildship.branding - 3.1.3.v20191118-1057
2020-09-01 23:37:33,171 - org.eclipse.buildship.stsmigration - 3.1.3.v20191118-1057
2020-09-01 23:37:33,172 - org.eclipse.wst.jsdt.web.core - 1.1.0.v201901071922
2020-09-01 23:37:33,173 - org.eclipse.wst.jsdt.web.ui - 1.2.0.v201904272112
2020-09-01 23:37:33,173 - org.eclipse.wst.html.ui.infopop - 1.0.201.v201903222120
2020-09-01 23:37:33,173 - org.eclipse.wst.web.ui.infopop - 1.0.300.v201903222120
2020-09-01 23:37:33,173 - org.eclipse.wst.css.ui - 1.1.300.v201911262315
2020-09-01 23:37:33,174 - org.eclipse.wst.html.ui - 1.1.200.v201905301652
2020-09-01 23:37:33,174 - org.eclipse.wst.web.ui - 1.2.100.v201902281912
2020-09-01 23:37:33,174 - org.eclipse.datatools.common.doc.user - 1.14.102.201911250848
2020-09-01 23:37:33,175 - org.eclipse.datatools.enablement.hsqldb - 1.2.101.201811012051
2020-09-01 23:37:33,176 - org.eclipse.datatools.enablement.hsqldb.dbdefinition - 1.2.101.201811012051
2020-09-01 23:37:33,176 - org.eclipse.datatools.enablement.hsqldb.ui - 1.2.101.201811012051
2020-09-01 23:37:33,176 - org.eclipse.datatools.enablement.finfo - 1.7.101.201811012051
2020-09-01 23:37:33,176 - org.eclipse.datatools.sqltools.doc.user - 1.14.102.201911250848
2020-09-01 23:37:33,177 - org.eclipse.datatools.sqltools.doc.user.contexts - 1.7.101.201811012051
2020-09-01 23:37:33,177 - org.tigris.subversion.clientadapter.javahl - 1.9.3
2020-09-01 23:37:33,178 - org.eclipse.m2e.wtp - 1.4.3.20191209-1849
2020-09-01 23:37:33,178 - org.eclipse.m2e.wtp.overlay - 1.4.3.20191209-1849
2020-09-01 23:37:33,178 - org.eclipse.m2e.wtp.overlay.ui - 1.4.3.20191209-1849
2020-09-01 23:37:33,180 - org.eclipse.jpt.common.utility - 2.4.1.v201902121834
2020-09-01 23:37:33,180 - org.eclipse.jpt.common.core - 1.5.1.v201902121834
2020-09-01 23:37:33,186 - org.eclipse.jpt.common.ui - 1.4.201.v201902121834
2020-09-01 23:37:33,186 - org.eclipse.jpt.common.branding - 1.4.1.v201902121834
2020-09-01 23:37:33,187 - org.eclipse.jgit.http.apache - 5.6.0.201912101111-r
2020-09-01 23:37:33,187 - org.apache.httpcomponents.httpcore - 4.4.10.v20190123-2214
2020-09-01 23:37:33,188 - org.apache.httpcomponents.httpclient - 4.5.6.v20190503-0009
2020-09-01 23:37:33,188 - org.eclipse.emf.edit.ui - 2.18.0.v20200205-0529
2020-09-01 23:37:33,189 - org.eclipse.help - 3.8.600.v20191123-0656
2020-09-01 23:37:33,190 - org.eclipse.ui - 3.115.0.v20191127-1056
2020-09-01 23:37:33,190 - org.eclipse.ui.workbench - 3.117.0.v20191126-1131
2020-09-01 23:37:33,190 - org.eclipse.update.configurator - 3.4.400.v20191122-2102
2020-09-01 23:37:33,190 - org.eclipse.rcp - 4.14.0.v20191210-0610
2020-09-01 23:37:33,191 - org.eclipse.persistence.moxy - 2.7.3.v20180807-4be1041
2020-09-01 23:37:33,192 - org.eclipse.jpt.jaxb.eclipselink.core - 1.3.201.v201902121834
2020-09-01 23:37:33,192 - org.eclipse.jpt.jaxb.eclipselink.ui - 1.4.201.v201902121834
2020-09-01 23:37:33,192 - org.eclipse.jpt.jaxb.eclipselink.core.schemagen - 1.2.201.v201902121834
2020-09-01 23:37:33,192 - org.eclipse.jpt.jaxb.eclipselink.branding - 1.4.101.v201902121834
2020-09-01 23:37:33,193 - org.eclipse.datatools.connectivity.apache.derby.dbdefinition - 1.2.101.201811012051
2020-09-01 23:37:33,193 - org.eclipse.datatools.connectivity.apache.derby.ui - 1.2.101.201811012051
2020-09-01 23:37:33,194 - org.eclipse.datatools.connectivity.apache.derby - 1.2.101.201811012051
2020-09-01 23:37:33,194 - org.eclipse.datatools.modelbase.derby - 1.2.101.201811012051
2020-09-01 23:37:33,194 - org.eclipse.datatools.sqltools.db.derby - 1.2.101.201811012051
2020-09-01 23:37:33,195 - org.eclipse.jdt - 3.18.200.v20191210-0610
2020-09-01 23:37:33,195 - org.eclipse.ant.ui - 3.7.600.v20191122-2102
2020-09-01 23:37:33,196 - org.eclipse.jdt.apt.core - 3.6.550.v20190919-0948
2020-09-01 23:37:33,196 - org.eclipse.jdt.apt.ui - 3.6.300.v20190727-1243
2020-09-01 23:37:33,196 - org.eclipse.jdt.apt.pluggable.core - 1.2.400.v20190626-1334
2020-09-01 23:37:33,197 - org.eclipse.jdt.compiler.apt - 1.3.800.v20190919-0948
2020-09-01 23:37:33,197 - org.eclipse.jdt.compiler.tool - 1.2.700.v20191001-0515
2020-09-01 23:37:33,197 - org.eclipse.jdt.core - 3.20.0.v20191203-2131
2020-09-01 23:37:33,197 - org.eclipse.jdt.annotation - 2.2.400.v20191120-1313
2020-09-01 23:37:33,197 - org.eclipse.jdt.annotation - 2.2.400.v20191120-1313
2020-09-01 23:37:33,197 - org.eclipse.jdt.core.manipulation - 1.13.0.v20191203-0859
2020-09-01 23:37:33,198 - org.eclipse.jdt.debug.ui - 3.10.500.v20191130-0156
2020-09-01 23:37:33,199 - org.eclipse.jdt.debug - 3.14.0.v20191105-0758
2020-09-01 23:37:33,199 - org.eclipse.jdt.junit - 3.11.600.v20191115-1651
2020-09-01 23:37:33,199 - org.eclipse.jdt.junit.core - 3.10.500.v20191115-1651
2020-09-01 23:37:33,200 - org.eclipse.jdt.junit.runtime - 3.5.0.v20191115-1651
2020-09-01 23:37:33,200 - org.eclipse.jdt.junit4.runtime - 1.1.1100.v20191009-0503
2020-09-01 23:37:33,200 - org.eclipse.jdt.junit5.runtime - 1.0.700.v20191009-0503
2020-09-01 23:37:33,200 - org.eclipse.jdt.launching - 3.16.0.v20191108-0353
2020-09-01 23:37:33,201 - org.eclipse.jdt.ui - 3.20.0.v20191203-1301
2020-09-01 23:37:33,202 - org.junit - 4.12.0.v201504281640
2020-09-01 23:37:33,202 - org.hamcrest.core - 1.3.0.v20180420-1519
2020-09-01 23:37:33,202 - org.junit.jupiter.api - 5.5.1.v20190826-0900
2020-09-01 23:37:33,203 - org.junit.jupiter.engine - 5.5.1.v20190826-0900
2020-09-01 23:37:33,203 - org.junit.jupiter.migrationsupport - 5.5.1.v20190826-0900
2020-09-01 23:37:33,204 - org.junit.jupiter.params - 5.5.1.v20190826-0900
2020-09-01 23:37:33,204 - org.junit.platform.commons - 1.5.1.v20190826-0900
2020-09-01 23:37:33,205 - org.junit.platform.engine - 1.5.1.v20190826-0900
2020-09-01 23:37:33,205 - org.junit.platform.launcher - 1.5.1.v20190826-0900
2020-09-01 23:37:33,205 - org.junit.platform.runner - 1.5.1.v20190826-0900
2020-09-01 23:37:33,206 - org.junit.platform.suite.api - 1.5.1.v20190826-0900
2020-09-01 23:37:33,206 - org.junit.vintage.engine - 5.5.1.v20190826-0900
2020-09-01 23:37:33,206 - org.opentest4j - 1.2.0.v20190826-0900
2020-09-01 23:37:33,206 - org.apiguardian - 1.1.0.v20190826-0900
2020-09-01 23:37:33,207 - org.eclipse.jdt.doc.user - 3.15.500.v20191204-0828
2020-09-01 23:37:33,207 - org.eclipse.ant.launching - 1.2.700.v20191127-0426
2020-09-01 23:37:33,208 - org.eclipse.emf.common - 2.19.0.v20200324-0932
2020-09-01 23:37:33,208 - org.eclipse.sequoyah.vnc.vncviewer.vncviews - 2.1.0.N20120718-0509
2020-09-01 23:37:33,209 - org.eclipse.egit.mylyn.ui - 5.6.0.201912101111-r
2020-09-01 23:37:33,210 - org.jdom - 1.1.1.v201101151400
2020-09-01 23:37:33,210 - org.eclipse.jst.ws.cxf.consumption.core - 1.0.400.v201902162149
2020-09-01 23:37:33,211 - org.eclipse.jst.ws.cxf.consumption.ui - 1.0.500.v201910301957
2020-09-01 23:37:33,211 - org.eclipse.jst.ws.cxf.core - 1.1.400.v201910301957
2020-09-01 23:37:33,211 - org.eclipse.jst.ws.cxf.creation.core - 1.0.500.v201902162149
2020-09-01 23:37:33,211 - org.eclipse.jst.ws.cxf.creation.ui - 1.0.400.v201910301957
2020-09-01 23:37:33,211 - org.eclipse.jst.ws.cxf.ui - 1.0.400.v201910301957
2020-09-01 23:37:33,211 - javax.wsdl - 1.6.2.v201012040545
2020-09-01 23:37:33,211 - javax.jws - 2.0.0.v201005080400
2020-09-01 23:37:33,211 - javax.xml.bind - 2.2.0.v201105210648
2020-09-01 23:37:33,211 - javax.xml.stream - 1.0.1.v201004272200
2020-09-01 23:37:33,211 - javax.xml.ws - 2.1.0.v200902101523
2020-09-01 23:37:33,213 - org.eclipse.datatools.enablement.sybase.asa.models - 1.2.101.201811012051
2020-09-01 23:37:33,213 - org.eclipse.datatools.enablement.sybase.ase.models - 1.2.101.201811012051
2020-09-01 23:37:33,213 - org.eclipse.datatools.enablement.sybase.asa - 1.2.101.201811012051
2020-09-01 23:37:33,213 - org.eclipse.datatools.enablement.sybase.ase - 1.2.101.201811012051
2020-09-01 23:37:33,213 - org.eclipse.datatools.enablement.sybase.ase.dbdefinition - 1.2.101.201811012051
2020-09-01 23:37:33,214 - org.eclipse.datatools.enablement.sybase.asa.dbdefinition - 1.2.101.201811012051
2020-09-01 23:37:33,214 - org.eclipse.datatools.enablement.sybase.asa.ui - 1.2.101.201811012051
2020-09-01 23:37:33,214 - org.eclipse.datatools.enablement.sybase.ase.ui - 1.2.101.201811012051
2020-09-01 23:37:33,214 - org.eclipse.datatools.enablement.sybase - 1.2.101.201811012051
2020-09-01 23:37:33,214 - org.eclipse.datatools.enablement.sybase.models - 1.2.101.201811012051
2020-09-01 23:37:33,214 - org.eclipse.datatools.enablement.sybase.ui - 1.2.101.201811012051
2020-09-01 23:37:33,215 - org.eclipse.datatools.enablement.sybase.asa.schemaobjecteditor.examples - 2.7.101.201811012051
2020-09-01 23:37:33,216 - org.eclipse.datatools.sqltools.common.ui - 1.2.101.201811012051
2020-09-01 23:37:33,216 - org.eclipse.datatools.sqltools.debugger.core - 1.2.101.201811012051
2020-09-01 23:37:33,217 - org.eclipse.datatools.sqltools.editor.core - 1.2.101.201811012051
2020-09-01 23:37:33,217 - org.eclipse.datatools.sqltools.plan - 1.2.101.201811012051
2020-09-01 23:37:33,217 - org.eclipse.datatools.sqltools.routineeditor - 1.2.101.201811012051
2020-09-01 23:37:33,217 - org.eclipse.datatools.sqltools.sql - 1.2.101.201811012051
2020-09-01 23:37:33,218 - org.eclipse.datatools.sqltools.sqleditor - 1.2.101.201811012051
2020-09-01 23:37:33,218 - org.eclipse.datatools.sqltools.sqlscrapbook - 1.2.101.201811012051
2020-09-01 23:37:33,218 - org.eclipse.datatools.help - 1.7.101.201811012051
2020-09-01 23:37:33,218 - org.eclipse.datatools.sqltools.db.generic - 1.2.101.201811012051
2020-09-01 23:37:33,218 - org.eclipse.datatools.sqltools.debugger.core.ui - 1.2.101.201811012051
2020-09-01 23:37:33,218 - org.eclipse.datatools.sqltools.editor.core.ui - 1.2.101.201811012051
2020-09-01 23:37:33,219 - org.eclipse.datatools.sqltools.result.ui - 1.3.101.201811012051
2020-09-01 23:37:33,219 - org.eclipse.datatools.sqltools.routineeditor.ui - 1.2.101.201811012051
2020-09-01 23:37:33,219 - org.eclipse.datatools.sqltools.sql.ui - 1.2.101.201811012051
2020-09-01 23:37:33,220 - org.objectweb.asm - 7.2.0.v20191010-1910
2020-09-01 23:37:33,220 - org.eclipse.andmore - 0.5.1.201701251432
2020-09-01 23:37:33,221 - org.eclipse.andmore.base - 0.5.1.201701251432
2020-09-01 23:37:33,221 - org.eclipse.andmore.ddms - 0.5.1.201701251432
2020-09-01 23:37:33,221 - org.eclipse.andmore.overlay - 0.5.1.201701251432
2020-09-01 23:37:33,222 - org.apache.commons.codec - 1.10.0.v20180409-1845
2020-09-01 23:37:33,222 - org.apache.commons.compress - 1.18.0.v20181121-2221
2020-09-01 23:37:33,222 - org.apache.httpcomponents.httpclient - 4.5.6.v20190503-0009
2020-09-01 23:37:33,222 - org.apache.httpcomponents.httpcore - 4.4.10.v20190123-2214
2020-09-01 23:37:33,223 - org.eclipse.datatools.modelbase.dbdefinition - 1.2.101.201811012051
2020-09-01 23:37:33,223 - org.eclipse.datatools.modelbase.sql.edit - 1.2.101.201811012051
2020-09-01 23:37:33,223 - org.eclipse.datatools.modelbase.sql.query - 1.3.201.201811012051
2020-09-01 23:37:33,224 - org.eclipse.datatools.modelbase.sql.query.edit - 1.2.101.201811012051
2020-09-01 23:37:33,224 - org.eclipse.datatools.modelbase.sql.xml.query - 1.2.101.201811012051
2020-09-01 23:37:33,224 - org.eclipse.datatools.modelbase.sql - 1.2.101.201811012051
2020-09-01 23:37:33,225 - org.eclipse.oomph.setup.editor - 1.15.0.v20191116-1146
2020-09-01 23:37:33,225 - org.eclipse.oomph.setup.ui - 1.15.0.v20191206-1128
2020-09-01 23:37:33,226 - org.eclipse.oomph.setup.doc - 1.10.0.v20180706-1242
2020-09-01 23:37:33,226 - org.eclipse.oomph.setup.ui.questionnaire - 1.10.0.v20180706-1242
2020-09-01 23:37:33,226 - org.eclipse.oomph.jreinfo.ui - 1.11.0.v20191006-0741
2020-09-01 23:37:33,227 - org.eclipse.datatools.doc.isv - 1.14.102.201911250848
2020-09-01 23:37:33,227 - org.eclipse.datatools.sdk - 1.9.101.201811012051
2020-09-01 23:37:33,227 - org.eclipse.datatools.connectivity.ui.templates - 1.2.101.201811012051
2020-09-01 23:37:33,228 - org.eclipse.wst.xsl.core - 1.2.100.v201907231732
2020-09-01 23:37:33,229 - org.eclipse.wst.xsl.debug.ui - 1.1.0.v201901071922
2020-09-01 23:37:33,229 - org.eclipse.wst.xsl.launching - 1.2.0.v201901071922
2020-09-01 23:37:33,229 - org.eclipse.wst.xsl.xalan - 1.1.0.v201901071922
2020-09-01 23:37:33,229 - org.eclipse.wst.xsl.ui - 1.2.100.v201904272112
2020-09-01 23:37:33,230 - org.eclipse.wst.xml.xpath.ui - 1.1.300.v201904282210
2020-09-01 23:37:33,230 - org.eclipse.wst.xsl.doc - 1.1.0.v201903222120
2020-09-01 23:37:33,230 - org.eclipse.wst.xml.xpath.core - 1.3.1.v201901071922
2020-09-01 23:37:33,230 - org.eclipse.wst.xsl.saxon - 1.1.0.v201901071922
2020-09-01 23:37:33,230 - org.eclipse.wst.xsl - 1.2.0.v201901071922
2020-09-01 23:37:33,230 - org.eclipse.wst.xsl.jaxp.debug - 1.1.0.v201901071922
2020-09-01 23:37:33,230 - org.eclipse.wst.xsl.jaxp.debug.ui - 1.1.0.v201901071922
2020-09-01 23:37:33,231 - org.eclipse.wst.xsl.jaxp.launching - 1.1.100.v201908180412
2020-09-01 23:37:33,231 - org.eclipse.wst.xsl.exslt.core - 1.1.0.v201901071922
2020-09-01 23:37:33,231 - org.eclipse.wst.xsl.exslt.ui - 1.1.0.v201901071922
2020-09-01 23:37:33,233 - org.eclipse.datatools.enablement.oda.ws - 1.4.101.201811012051
2020-09-01 23:37:33,233 - org.eclipse.datatools.enablement.oda.xml - 1.4.102.201901091730
2020-09-01 23:37:33,233 - org.eclipse.datatools.connectivity.oda.flatfile - 3.3.101.201811012051
2020-09-01 23:37:33,234 - org.eclipse.jst.ws.axis2.core - 1.0.300.v201903050508
2020-09-01 23:37:33,234 - org.eclipse.jst.ws.axis2.ui - 1.0.400.v201903050508
2020-09-01 23:37:33,234 - org.eclipse.jst.ws.axis2.consumption.core - 1.0.200.v201903050508
2020-09-01 23:37:33,266 - org.eclipse.jst.ws.axis2.consumption.ui - 1.0.200.v201903050508
2020-09-01 23:37:33,266 - org.eclipse.jst.ws.axis2.creation.core - 1.0.200.v201903050508
2020-09-01 23:37:33,266 - org.eclipse.jst.ws.axis2.creation.ui - 1.0.200.v201903050508
2020-09-01 23:37:33,266 - org.eclipse.jst.ws.axis2.ui.doc.user - 1.0.200.v201903222115
2020-09-01 23:37:33,289 - org.apache.ant - 1.10.7.v20190926-0324
2020-09-01 23:37:33,290 - org.eclipse.ant.core - 3.5.600.v20191122-2102
2020-09-01 23:37:33,290 - com.jcraft.jsch - 0.1.55.v20190404-1902
2020-09-01 23:37:33,290 - org.eclipse.compare.core - 3.6.700.v20191122-2107
2020-09-01 23:37:33,290 - org.eclipse.compare - 3.7.800.v20191122-2107
2020-09-01 23:37:33,291 - org.eclipse.core.filebuffers - 3.6.800.v20191122-2108
2020-09-01 23:37:33,293 - org.eclipse.core.filesystem - 1.7.600.v20191122-2104
2020-09-01 23:37:33,293 - org.eclipse.core.net - 1.3.700.v20191122-2107
2020-09-01 23:37:33,294 - org.eclipse.core.net.linux.x86_64 - 1.2.400.v20190924-1023
2020-09-01 23:37:33,295 - org.eclipse.core.resources - 3.13.600.v20191122-2104
2020-09-01 23:37:33,295 - org.eclipse.osgi.util - 3.5.300.v20190708-1141
2020-09-01 23:37:33,295 - org.eclipse.debug.core - 3.14.100.v20191115-1406
2020-09-01 23:37:33,299 - org.eclipse.debug.ui - 3.14.300.v20191116-2105
2020-09-01 23:37:33,299 - org.eclipse.equinox.event - 1.5.300.v20191001-1333
2020-09-01 23:37:33,299 - org.eclipse.ltk.core.refactoring - 3.10.300.v20191104-1954
2020-09-01 23:37:33,299 - org.eclipse.ltk.ui.refactoring - 3.10.100.v20191113-0119
2020-09-01 23:37:33,299 - org.eclipse.platform - 4.14.0.v20191210-0610
2020-09-01 23:37:33,299 - org.eclipse.platform.doc.user - 4.14.0.v20191204-0828
2020-09-01 23:37:33,300 - org.eclipse.search - 3.11.800.v20191122-2108
2020-09-01 23:37:33,300 - org.eclipse.text.quicksearch - 1.0.100.v20191122-2108
2020-09-01 23:37:33,300 - org.eclipse.team.core - 3.8.800.v20191122-2107
2020-09-01 23:37:33,300 - org.eclipse.team.ui - 3.8.700.v20191122-2107
2020-09-01 23:37:33,301 - org.eclipse.text - 3.10.0.v20191122-2108
2020-09-01 23:37:33,301 - org.eclipse.jface.text - 3.16.100.v20191203-1634
2020-09-01 23:37:33,301 - org.eclipse.jsch.core - 1.3.700.v20190925-1021
2020-09-01 23:37:33,301 - org.eclipse.jsch.ui - 1.3.700.v20191105-0922
2020-09-01 23:37:33,301 - org.eclipse.ui.console - 3.9.0.v20191126-0912
2020-09-01 23:37:33,302 - org.eclipse.ui.intro - 3.5.800.v20191123-0656
2020-09-01 23:37:33,302 - org.eclipse.ui.intro.universal - 3.3.700.v20191025-0657
2020-09-01 23:37:33,302 - org.eclipse.ui.cheatsheets - 3.5.600.v20191123-0656
2020-09-01 23:37:33,302 - org.eclipse.ui.browser - 3.6.600.v20191122-2109
2020-09-01 23:37:33,302 - org.eclipse.ui.genericeditor - 1.1.600.v20191114-0832
2020-09-01 23:37:33,302 - org.eclipse.ui.monitoring - 1.1.600.v20191106-1253
2020-09-01 23:37:33,303 - org.eclipse.ui.navigator - 3.9.100.v20191122-2109
2020-09-01 23:37:33,303 - org.eclipse.ui.navigator.resources - 3.7.100.v20191209-1336
2020-09-01 23:37:33,303 - org.eclipse.ui.net - 1.3.600.v20190925-1021
2020-09-01 23:37:33,303 - org.eclipse.ui.workbench.texteditor - 3.14.0.v20191122-2108
2020-09-01 23:37:33,303 - org.eclipse.ui.views - 3.10.100.v20191114-0830
2020-09-01 23:37:33,304 - org.eclipse.ui.editors - 3.13.0.v20191203-1122
2020-09-01 23:37:33,304 - org.eclipse.ui.externaltools - 3.4.500.v20191025-1523
2020-09-01 23:37:33,305 - org.eclipse.ui.ide - 3.16.100.v20191122-2109
2020-09-01 23:37:33,305 - org.eclipse.ui.ide.application - 1.3.500.v20191122-2109
2020-09-01 23:37:33,305 - org.eclipse.core.filesystem.linux.x86_64 - 1.2.300.v20180828-0158
2020-09-01 23:37:33,305 - org.eclipse.core.variables - 3.4.700.v20191114-1848
2020-09-01 23:37:33,305 - org.eclipse.ui.forms - 3.8.200.v20191114-0830
2020-09-01 23:37:33,306 - org.eclipse.ui.views.properties.tabbed - 3.8.700.v20191113-0939
2020-09-01 23:37:33,306 - org.eclipse.equinox.security - 1.3.400.v20191008-0645
2020-09-01 23:37:33,306 - org.eclipse.equinox.security.ui - 1.2.500.v20191003-0536
2020-09-01 23:37:33,306 - org.eclipse.equinox.security.linux.x86_64 - 1.1.300.v20190830-1238
2020-09-01 23:37:33,306 - org.eclipse.core.externaltools - 1.1.500.v20191014-1300
2020-09-01 23:37:33,306 - org.eclipse.ui.themes - 1.2.800.v20191127-1314
2020-09-01 23:37:33,306 - org.eclipse.core.runtime - 3.17.0.v20191122-2104
2020-09-01 23:37:33,307 - org.eclipse.ui.intro.quicklinks - 1.0.400.v20191119-0804
2020-09-01 23:37:33,307 - org.eclipse.team.genericeditor.diff.extension - 1.0.500.v20190925-1021
2020-09-01 23:37:33,307 - org.eclipse.urischeme - 1.0.500.v20191122-2109
2020-09-01 23:37:33,307 - org.eclipse.ui.views.log - 1.2.900.v20191122-2109
2020-09-01 23:37:33,308 - org.eclipse.emf.ecore.edit - 2.13.0.v20190822-1451
2020-09-01 23:37:33,308 - org.eclipse.emf.ecore.change.edit - 2.8.0.v20180706-1146
2020-09-01 23:37:33,309 - org.eclipse.sequoyah.vnc.protocol - 2.1.0.N20120718-0509
2020-09-01 23:37:33,310 - org.eclipse.persistence.antlr - 3.5.2.v201711011707
2020-09-01 23:37:33,311 - org.eclipse.persistence.asm - 6.2.0.v201808041549
2020-09-01 23:37:33,311 - org.eclipse.persistence.core - 2.7.3.v20180807-4be1041
2020-09-01 23:37:33,313 - org.eclipse.persistence.jpa - 2.7.3.v20180807-4be1041
2020-09-01 23:37:33,313 - org.eclipse.jpt.jpa.eclipselink.core - 2.4.101.v201902121834
2020-09-01 23:37:33,314 - org.eclipse.jpt.jpa.eclipselink.ui - 2.4.101.v201902121834
2020-09-01 23:37:33,314 - org.eclipse.jpt.jpa.eclipselink.core.ddlgen - 2.2.201.v201902121834
2020-09-01 23:37:33,314 - org.eclipse.jpt.jpa.eclipselink.branding - 3.4.1.v201902121834
2020-09-01 23:37:33,315 - org.eclipse.emf.mapping.ecore - 2.8.0.v20180706-1146
2020-09-01 23:37:33,315 - org.eclipse.emf.mapping.ecore2ecore - 2.11.0.v20180706-1146
2020-09-01 23:37:33,315 - org.eclipse.emf.mapping.ecore2xml - 2.11.0.v20180706-1146
2020-09-01 23:37:33,316 - org.eclipse.datatools.enablement.ingres - 1.2.101.201811012051
2020-09-01 23:37:33,316 - org.eclipse.datatools.enablement.ingres.dbdefinition - 1.2.101.201811012051
2020-09-01 23:37:33,316 - org.eclipse.datatools.enablement.ingres.ui - 1.2.101.201811012051
2020-09-01 23:37:33,316 - org.eclipse.datatools.enablement.finfo - 1.7.101.201811012051
2020-09-01 23:37:33,317 - org.eclipse.andmore.traceview - 0.5.1.201701251432
2020-09-01 23:37:33,318 - org.eclipse.mylyn.wikitext - 3.0.35.20191206145759
2020-09-01 23:37:33,318 - org.eclipse.mylyn.wikitext.ant - 3.0.35.20191206145759
2020-09-01 23:37:33,318 - org.eclipse.mylyn.wikitext.osgi - 3.0.35.201912061959
2020-09-01 23:37:33,318 - org.eclipse.mylyn.wikitext.asciidoc - 3.0.35.20191206145759
2020-09-01 23:37:33,318 - org.eclipse.mylyn.wikitext.textile - 3.0.35.20191206145759
2020-09-01 23:37:33,318 - org.eclipse.mylyn.wikitext.html - 3.0.35.20191206145759
2020-09-01 23:37:33,319 - org.eclipse.mylyn.wikitext.markdown - 3.0.35.20191206145759
2020-09-01 23:37:33,319 - org.eclipse.mylyn.wikitext.mediawiki - 3.0.35.20191206145759
2020-09-01 23:37:33,319 - org.eclipse.mylyn.wikitext.confluence - 3.0.35.20191206145759
2020-09-01 23:37:33,319 - org.eclipse.mylyn.wikitext.tracwiki - 3.0.35.20191206145759
2020-09-01 23:37:33,319 - org.eclipse.mylyn.wikitext.twiki - 3.0.35.20191206145759
2020-09-01 23:37:33,319 - org.eclipse.mylyn.wikitext.ui - 3.0.35.201912061959
2020-09-01 23:37:33,320 - org.eclipse.mylyn.wikitext.help.ui - 3.0.35.201912061959
2020-09-01 23:37:33,320 - org.eclipse.mylyn.wikitext.asciidoc.ui - 3.0.35.201912061959
2020-09-01 23:37:33,320 - org.eclipse.mylyn.wikitext.textile.ui - 3.0.35.201912061959
2020-09-01 23:37:33,320 - org.eclipse.mylyn.wikitext.markdown.ui - 3.0.35.201912061959
2020-09-01 23:37:33,320 - org.eclipse.mylyn.wikitext.mediawiki.ui - 3.0.35.201912061959
2020-09-01 23:37:33,320 - org.eclipse.mylyn.wikitext.confluence.ui - 3.0.35.201912061959
2020-09-01 23:37:33,321 - org.eclipse.mylyn.wikitext.tracwiki.ui - 3.0.35.201912061959
2020-09-01 23:37:33,321 - org.eclipse.mylyn.wikitext.twiki.ui - 3.0.35.201912061959
2020-09-01 23:37:33,321 - org.eclipse.m2e.logback.configuration - 1.14.0.20191209-1925
2020-09-01 23:37:33,322 - org.eclipse.m2e.logback.appender - 1.14.0.20191209-1925
2020-09-01 23:37:33,322 - org.eclipse.emf.codegen - 2.20.0.v20200324-0932
2020-09-01 23:37:33,323 - org.eclipse.wst.dtd.ui - 1.1.200.v201904272112
2020-09-01 23:37:33,323 - org.eclipse.wst.dtd.ui.infopop - 1.0.400.v201903222120
2020-09-01 23:37:33,323 - org.eclipse.wst.sse.ui.infopop - 1.0.300.v201903222120
2020-09-01 23:37:33,324 - org.eclipse.wst.xml.ui.infopop - 1.0.400.v201903222120
2020-09-01 23:37:33,324 - org.eclipse.wst.sse.ui - 1.6.200.v201911262138
2020-09-01 23:37:33,324 - org.eclipse.wst.xml.ui - 1.2.300.v201904272112
2020-09-01 23:37:33,325 - org.eclipse.wst.xsd.ui - 1.3.300.v201904272112
2020-09-01 23:37:33,325 - org.eclipse.datatools.doc.user - 1.14.102.201911250848
2020-09-01 23:37:33,326 - org.eclipse.datatools.oda.cshelp - 1.3.101.201811012051
2020-09-01 23:37:33,326 - org.eclipse.datatools.help - 1.7.101.201811012051
2020-09-01 23:37:33,326 - org.eclipse.emf - 2.8.0.v20180706-1146
2020-09-01 23:37:33,327 - org.eclipse.epp.package.jee - 4.14.0.20191212-1200
2020-09-01 23:37:33,327 - org.eclipse.wtp.epp.package.jee.intro - 1.3.0.v201902122017
2020-09-01 23:37:33,327 - org.eclipse.wtp.javascript.capabilities - 1.0.200.v201901071922
2020-09-01 23:37:33,327 - org.eclipse.wtp.jee.capabilities - 1.0.100.v201903222024
2020-09-01 23:37:33,328 - org.eclipse.wtp.web.capabilities - 1.0.200.v201901071922
2020-09-01 23:37:33,328 - org.eclipse.wtp.xml.capabilities - 1.0.200.v201901071922
2020-09-01 23:37:33,328 - org.eclipse.wtp.epp.package.capabilities - 1.3.0.v201902122017
2020-09-01 23:37:33,329 - org.eclipse.draw2d - 3.10.100.201606061308
2020-09-01 23:37:33,330 - org.eclipse.eclemma.core - 3.1.2.201903112331
2020-09-01 23:37:33,330 - org.eclipse.eclemma.doc - 3.1.2.201903112331
2020-09-01 23:37:33,330 - org.eclipse.eclemma.ui - 3.1.2.201903112331
2020-09-01 23:37:33,330 - org.jacoco.agent - 0.8.3.v20190219-1601
2020-09-01 23:37:33,330 - org.jacoco.core - 0.8.3.v20190219-1601
2020-09-01 23:37:33,330 - org.jacoco.report - 0.8.3.v20190219-1601
2020-09-01 23:37:33,330 - org.objectweb.asm - 7.2.0.v20191010-1910
2020-09-01 23:37:33,331 - org.objectweb.asm.commons - 7.0.0.v20181030-2244
2020-09-01 23:37:33,331 - org.objectweb.asm.tree - 7.2.0.v20191010-1910
2020-09-01 23:37:33,332 - org.eclipse.andmore.gldebugger - 0.5.1.201701251432
2020-09-01 23:37:33,332 - org.eclipse.epp.mpc.core - 1.8.1.v20191106-1317
2020-09-01 23:37:33,332 - org.eclipse.epp.mpc.ui - 1.8.1.v20191106-1317
2020-09-01 23:37:33,333 - org.eclipse.epp.mpc.ui.css - 1.8.1.v20191106-1317
2020-09-01 23:37:33,333 - org.eclipse.epp.mpc.help.ui - 1.8.1.v20191106-1317
2020-09-01 23:37:33,334 - org.eclipse.cft.server.rse - 1.0.1.v201805291812
2020-09-01 23:37:33,334 - org.eclipse.cft.server.ui - 1.0.110.v201805291812
2020-09-01 23:37:33,335 - org.eclipse.cft.server.verify.ui - 1.0.1.v201805291812
2020-09-01 23:37:33,335 - org.eclipse.cft.server.branding.ui - 1.0.2.v201805291812
2020-09-01 23:37:33,335 - org.eclipse.cft.server.standalone.ui - 1.0.4.v201805291812
2020-09-01 23:37:33,336 - org.eclipse.cdt.gdb - 7.0.100.202001092011
2020-09-01 23:37:33,336 - org.eclipse.cdt.gdb.ui - 7.0.1.201811241055
2020-09-01 23:37:33,337 - org.eclipse.pde - 3.13.800.v20191210-0610
2020-09-01 23:37:33,337 - org.eclipse.pde.build - 3.10.600.v20191011-0535
2020-09-01 23:37:33,337 - org.eclipse.pde.core - 3.13.200.v20191202-2135
2020-09-01 23:37:33,338 - org.eclipse.pde.junit.runtime - 3.5.600.v20191105-0947
2020-09-01 23:37:33,338 - org.eclipse.pde.runtime - 3.6.700.v20191107-0634
2020-09-01 23:37:33,338 - org.eclipse.pde.ui - 3.11.200.v20191112-0626
2020-09-01 23:37:33,338 - org.eclipse.pde.doc.user - 3.14.600.v20191204-0828
2020-09-01 23:37:33,339 - org.eclipse.pde.ui.templates - 3.6.800.v20191003-1016
2020-09-01 23:37:33,339 - org.objectweb.asm - 7.2.0.v20191010-1910
2020-09-01 23:37:33,339 - org.objectweb.asm.tree - 7.2.0.v20191010-1910
2020-09-01 23:37:33,339 - org.eclipse.pde.api.tools - 1.1.1000.v20191113-1255
2020-09-01 23:37:33,339 - org.eclipse.pde.api.tools.annotations - 1.1.400.v20190929-1236
2020-09-01 23:37:33,339 - org.eclipse.pde.api.tools.ui - 1.1.900.v20191115-2141
2020-09-01 23:37:33,340 - org.eclipse.pde.ds.core - 1.1.700.v20191011-0635
2020-09-01 23:37:33,340 - org.eclipse.pde.ds.ui - 1.1.700.v20190807-1130
2020-09-01 23:37:33,340 - org.eclipse.pde.launching - 3.8.0.v20191112-0655
2020-09-01 23:37:33,340 - org.eclipse.pde.ua.core - 1.1.400.v20190929-1236
2020-09-01 23:37:33,340 - org.eclipse.pde.ua.ui - 1.1.700.v20191011-0551
2020-09-01 23:37:33,340 - org.eclipse.ui.trace - 1.1.700.v20191105-1619
2020-09-01 23:37:33,341 - org.eclipse.pde.ds.annotations - 1.1.600.v20190929-1236
2020-09-01 23:37:33,341 - org.eclipse.pde.genericeditor.extension - 1.0.600.v20191107-0648
2020-09-01 23:37:33,341 - org.eclipse.pde.ds.lib - 1.1.400.v20191119-0943
2020-09-01 23:37:33,341 - org.eclipse.pde.ds1_2.lib - 1.0.400.v20191119-0943
2020-09-01 23:37:33,341 - org.eclipse.tools.layout.spy - 1.0.400.v20190709-0901
2020-09-01 23:37:33,343 - org.eclipse.datatools.sqltools.parsers.sql.lexer - 1.2.101.201811012051
2020-09-01 23:37:33,343 - org.eclipse.datatools.sqltools.parsers.sql.query - 1.4.101.201811012051
2020-09-01 23:37:33,343 - org.eclipse.datatools.sqltools.parsers.sql.xml.query - 1.2.101.201811012051
2020-09-01 23:37:33,343 - org.eclipse.datatools.sqltools.parsers.sql - 1.2.101.201811012051
2020-09-01 23:37:33,344 - org.eclipse.mylyn.java.ui - 3.24.2.v20180905-0014
2020-09-01 23:37:33,344 - org.eclipse.mylyn.java.tasks - 3.24.2.v20180905-0014
2020-09-01 23:37:33,344 - org.eclipse.mylyn.ide.ui - 3.24.2.v20180905-0014
2020-09-01 23:37:33,344 - org.eclipse.mylyn.ide.ant - 3.24.2.v20180905-0014
2020-09-01 23:37:33,344 - org.eclipse.mylyn.debug.ui - 3.24.2.v20180905-0014
2020-09-01 23:37:33,345 - org.eclipse.m2e.wtp.jaxrs - 1.4.3.20191209-1849
2020-09-01 23:37:33,346 - org.eclipse.datatools.sqltools.sql - 1.2.101.201811012051
2020-09-01 23:37:33,346 - org.eclipse.datatools.sqltools.common.ui - 1.2.101.201811012051
2020-09-01 23:37:33,346 - org.eclipse.datatools.sqltools.plan - 1.2.101.201811012051
2020-09-01 23:37:33,346 - org.eclipse.datatools.sqltools.editor.core - 1.2.101.201811012051
2020-09-01 23:37:33,346 - org.eclipse.datatools.sqltools.sqleditor - 1.2.101.201811012051
2020-09-01 23:37:33,346 - org.eclipse.datatools.sqltools.ddlgen.ui - 1.2.101.201811012051
2020-09-01 23:37:33,346 - org.eclipse.datatools.connectivity.db.generic - 1.2.101.201811012051
2020-09-01 23:37:33,346 - org.eclipse.datatools.sqltools.editor.core.ui - 1.2.101.201811012051
2020-09-01 23:37:33,346 - org.eclipse.datatools.sqltools.sql.ui - 1.2.101.201811012051
2020-09-01 23:37:33,347 - org.eclipse.jgit.ssh.apache - 5.6.0.201912101111-r
2020-09-01 23:37:33,347 - org.apache.sshd.osgi - 2.2.0.v20190425-2127
2020-09-01 23:37:33,348 - org.apache.sshd.sftp - 2.2.0.v20190425-2127
2020-09-01 23:37:33,348 - net.i2p.crypto.eddsa - 0.3.0.v20181102-1323
2020-09-01 23:37:33,349 - org.eclipse.mylyn.commons.repositories.core - 1.17.1.v20200511-1958
2020-09-01 23:37:33,349 - org.eclipse.mylyn.commons.repositories.ui - 1.17.1.v20200511-1958
2020-09-01 23:37:33,350 - org.eclipse.andmore.android.common - 0.5.1.201701251432
2020-09-01 23:37:33,350 - org.eclipse.andmore.android.codeutils - 0.5.1.201701251432
2020-09-01 23:37:33,350 - org.eclipse.andmore.android.translation - 0.5.1.201701251432
2020-09-01 23:37:33,351 - org.eclipse.andmore.android.codesnippets - 0.5.1.201701251432
2020-09-01 23:37:33,351 - org.eclipse.andmore.android.db.core - 0.5.1.201701251432
2020-09-01 23:37:33,351 - org.eclipse.andmore.android.logger - 0.5.1.201701251432
2020-09-01 23:37:33,351 - org.eclipse.andmore.android - 0.5.1.201701251432
2020-09-01 23:37:33,352 - org.eclipse.andmore.android.emulator - 0.5.1.201701251432
2020-09-01 23:37:33,352 - org.eclipse.andmore.android.launch - 0.5.1.201701251432
2020-09-01 23:37:33,352 - org.eclipse.andmore.android.packaging.ui - 0.5.1.201701251432
2020-09-01 23:37:33,352 - org.eclipse.andmore.android.handset - 0.5.1.201701251432
2020-09-01 23:37:33,352 - org.eclipse.andmore.android.remote - 0.5.1.201701251432
2020-09-01 23:37:33,353 - org.eclipse.andmore.android.linux.x86_64 - 0.5.1.201701251432
2020-09-01 23:37:33,353 - org.eclipse.andmore.android.mat - 0.5.1.201701251432
2020-09-01 23:37:33,353 - org.eclipse.andmore.android.devices.services - 0.5.1.201701251432
2020-09-01 23:37:33,353 - org.eclipse.andmore.android.db.devices - 0.5.1.201701251432
2020-09-01 23:37:33,353 - org.eclipse.andmore.android.installer - 0.5.1.201701251432
2020-09-01 23:37:33,353 - org.eclipse.andmore.android.logger.collector - 0.5.1.201701251432
2020-09-01 23:37:33,354 - org.eclipse.mylyn.monitor.core - 3.25.1.v20200511-1958
2020-09-01 23:37:33,354 - org.eclipse.mylyn.monitor.ui - 3.25.1.v20200511-1958
2020-09-01 23:37:33,355 - org.eclipse.tm.terminal.control - 4.6.1.202005200056
2020-09-01 23:37:33,355 - org.eclipse.sequoyah.vnc.vncviewer - 2.1.0.N20120718-0509
2020-09-01 23:37:33,357 - org.eclipse.emf.codegen.ecore.ui - 2.22.0.v20200324-0947
2020-09-01 23:37:33,357 - org.sonatype.m2e.mavenarchiver - 0.17.4.201905300046
2020-09-01 23:37:33,358 - org.eclipse.emf.ecore.editor - 2.17.0.v20190528-0725
2020-09-01 23:37:33,359 - org.eclipse.mylyn.context.core - 3.24.2.v20180905-0014
2020-09-01 23:37:33,359 - org.eclipse.mylyn.context.ui - 3.24.2.v20180905-0014
2020-09-01 23:37:33,359 - org.eclipse.mylyn.resources.ui - 3.24.2.v20180905-0014
2020-09-01 23:37:33,359 - org.eclipse.mylyn.context.tasks.ui - 3.24.2.v20180905-0014
2020-09-01 23:37:33,360 - org.tmatesoft.svnkit - 1.8.12.r10533_v20160129_0158
2020-09-01 23:37:33,360 - org.tmatesoft.sqljet - 1.1.10.r1317_v20140121_0107
2020-09-01 23:37:33,360 - com.trilead.ssh2 - 1.0.0.build220_r167_v20150618_1733
2020-09-01 23:37:33,361 - org.eclipse.datatools.enablement.oracle.dbdefinition - 1.2.101.201811012051
2020-09-01 23:37:33,361 - org.eclipse.datatools.enablement.oracle - 1.2.101.201811012051
2020-09-01 23:37:33,361 - org.eclipse.datatools.enablement.oracle.ui - 1.2.101.201811012051
2020-09-01 23:37:33,361 - org.eclipse.datatools.enablement.finfo - 1.7.101.201811012051
2020-09-01 23:37:33,362 - org.eclipse.emf.databinding - 1.5.0.v20180706-1146
2020-09-01 23:37:33,363 - org.eclipse.datatools.enablement.sap.maxdb.dbdefinition - 1.2.101.201811012051
2020-09-01 23:37:33,363 - org.eclipse.datatools.enablement.sap.maxdb - 1.2.101.201811012051
2020-09-01 23:37:33,364 - org.eclipse.datatools.enablement.sap.maxdb.ui - 1.2.101.201811012051
2020-09-01 23:37:33,364 - org.eclipse.datatools.enablement.finfo - 1.7.101.201811012051
2020-09-01 23:37:33,365 - org.eclipse.wst.xml.xpath2.processor - 2.1.101.v201903222120
2020-09-01 23:37:33,365 - org.eclipse.wst.xml.xpath2.wtptypes - 2.0.0.v201901071922
2020-09-01 23:37:33,365 - org.eclipse.wst.xml.xpath2 - 1.1.0.v201901071922
2020-09-01 23:37:33,365 - org.eclipse.wst.xml.xpath2.processor.doc.user - 2.1.0.v201901071922
2020-09-01 23:37:33,365 - org.eclipse.cdt.launch - 9.3.200.202003021149
2020-09-01 23:37:33,366 - org.eclipse.cdt.core.native - 5.10.400.202001092011
2020-09-01 23:37:33,366 - org.eclipse.cdt.core.linux - 5.3.100.202002181755
2020-09-01 23:37:33,366 - org.eclipse.cdt.core.linux.x86_64 - 5.3.1.201811241055
2020-09-01 23:37:33,366 - org.eclipse.cdt.native.serial - 1.1.401.202005051837
2020-09-01 23:37:33,367 - org.eclipse.oomph.setup - 1.15.0.v20191116-1146
2020-09-01 23:37:33,367 - org.eclipse.oomph.setup.edit - 1.14.0.v20190704-1252
2020-09-01 23:37:33,367 - org.eclipse.oomph.setup.core - 1.15.0.v20191103-0619
2020-09-01 23:37:33,368 - org.eclipse.oomph.setup.sync - 1.11.0.v20190920-0437
2020-09-01 23:37:33,368 - org.eclipse.oomph.setup.p2 - 1.13.0.v20191019-1424
2020-09-01 23:37:33,368 - org.eclipse.oomph.setup.p2.edit - 1.11.0.v20190702-1454
2020-09-01 23:37:33,368 - org.eclipse.oomph.preferences - 1.11.0.v20190920-0437
2020-09-01 23:37:33,368 - org.eclipse.oomph.jreinfo - 1.11.0.v20190523-0419
2020-09-01 23:37:33,368 - org.eclipse.oomph.extractor.lib - 1.7.0.v20191111-0627
